2021-05-23T11:11:34.199Z [info] Server is running at https://localhost:8000
2021-05-23T11:15:14.765Z [info] Server is running at https://localhost:5000
2021-05-23T11:16:37.797Z [info] Server is running at https://localhost:5000
2021-05-23T11:30:06.795Z [info] Server is running at https://localhost:5000
2021-05-23T11:33:22.031Z [info] Server is running at https://localhost:5000
2021-05-23T11:50:31.933Z [info] Server is running at http://localhost:5000
2021-05-23T20:47:33.669Z [info] Server is running at http://localhost:8080
2021-05-23T20:48:43.289Z [info] Server is running at http://localhost:8080
2021-05-23T20:49:00.364Z [info] Server is running at http://localhost:8080
2021-05-23T20:49:24.150Z [info] Server is running at http://localhost:8080
2021-05-23T20:51:05.001Z [info] Server is running at http://localhost:8080
2021-05-23T20:51:38.100Z [info] Server is running at http://localhost:8080
2021-05-23T20:52:07.856Z [info] Server is running at http://localhost:8080
2021-05-23T20:52:34.110Z [info] Server is running at http://localhost:8080
2021-05-23T20:53:05.606Z [info] Server is running at http://localhost:8080
2021-05-23T20:54:39.044Z [info] Server is running at http://localhost:8080
2021-05-23T20:54:54.452Z [info] Server is running at http://localhost:8080
2021-05-23T20:55:06.580Z [info] Server is running at http://localhost:8080
2021-05-23T20:55:21.007Z [info] Server is running at http://localhost:8080
2021-05-23T20:56:34.465Z [info] Server is running at http://localhost:8080
2021-05-23T20:57:49.263Z [info] Server is running at http://localhost:8080
2021-05-23T20:57:49.304Z [info] new result received
2021-05-23T20:58:18.160Z [info] Server is running at http://localhost:8080
2021-05-23T20:58:18.193Z [info] new result received
2021-05-23T20:59:30.576Z [info] Server is running at http://localhost:8080
2021-05-23T22:07:52.544Z [info] Server is running at http://localhost:8080
2021-05-23T22:08:05.994Z [info] Server is running at http://localhost:8080
2021-05-23T22:08:26.705Z [info] Server is running at http://localhost:8080
2021-05-23T22:09:29.416Z [info] Server is running at http://localhost:8080
2021-05-23T22:10:15.131Z [info] Server is running at http://localhost:8080
2021-05-23T22:10:33.249Z [info] Server is running at http://localhost:8080
2021-05-23T22:12:09.109Z [info] Server is running at http://localhost:8080
2021-05-23T22:13:10.362Z [info] Server is running at http://localhost:8080
2021-05-23T22:13:49.259Z [info] Server is running at http://localhost:8080
2021-05-23T22:13:49.292Z [info] new result received
2021-05-23T22:14:18.562Z [info] Server is running at http://localhost:8080
2021-05-23T22:14:18.596Z [info] new result received
2021-05-23T22:14:36.561Z [info] Server is running at http://localhost:8080
2021-05-23T22:14:36.596Z [info] new result received
2021-05-23T22:15:41.453Z [info] Server is running at http://localhost:8080
2021-05-23T22:15:41.488Z [info] new result received
2021-05-23T22:21:00.207Z [info] Server is running at http://localhost:8080
2021-05-23T22:21:00.242Z [info] new result received
2021-05-23T22:21:11.148Z [info] Server is running at http://localhost:8080
2021-05-23T22:21:11.182Z [info] new result received
2021-05-23T22:21:35.744Z [info] Server is running at http://localhost:8080
2021-05-23T22:21:35.778Z [info] new result received
2021-05-23T22:21:49.066Z [info] Server is running at http://localhost:8080
2021-05-23T22:21:49.100Z [info] new result received
2021-05-23T22:23:59.365Z [info] Server is running at http://localhost:8080
2021-05-23T22:23:59.399Z [info] new result received
2021-05-23T22:25:44.232Z [info] Server is running at http://localhost:8080
2021-05-23T22:25:44.265Z [info] new result received
2021-05-23T22:26:46.359Z [info] Server is running at http://localhost:8080
2021-05-23T22:26:46.394Z [info] new result received
2021-05-23T22:27:17.396Z [info] Server is running at http://localhost:8080
2021-05-23T22:27:17.430Z [info] new result received
2021-05-23T22:27:33.571Z [info] Server is running at http://localhost:8080
2021-05-23T22:27:33.606Z [info] new result received
2021-05-23T22:28:37.233Z [info] Server is running at http://localhost:8080
2021-05-23T22:28:37.266Z [info] new result received
2021-05-23T22:29:05.562Z [info] Server is running at http://localhost:8080
2021-05-23T22:29:05.596Z [info] new result received
2021-05-23T22:29:41.209Z [info] Server is running at http://localhost:8080
2021-05-23T22:29:41.243Z [info] new result received
2021-05-23T22:32:11.652Z [info] Server is running at http://localhost:8080
2021-05-23T22:32:11.687Z [info] new result received
2021-05-23T22:33:14.495Z [info] Server is running at http://localhost:8080
2021-05-23T22:33:14.529Z [info] new result received
2021-05-23T22:37:16.782Z [info] Server is running at http://localhost:8080
2021-05-23T22:37:16.816Z [info] new result received
2021-05-23T22:38:09.061Z [info] Server is running at http://localhost:8080
2021-05-23T22:38:09.095Z [info] new result received
2021-05-23T22:38:25.780Z [info] Server is running at http://localhost:8080
2021-05-23T22:38:25.814Z [info] new result received
2021-05-23T22:39:10.931Z [info] Server is running at http://localhost:8080
2021-05-23T22:39:10.964Z [info] new result received
2021-05-23T22:39:49.759Z [info] Server is running at http://localhost:8080
2021-05-23T22:39:49.792Z [info] new result received
2021-05-23T22:40:45.977Z [info] Server is running at http://localhost:8080
2021-05-23T22:40:46.010Z [info] new result received
2021-05-23T22:41:07.580Z [info] Server is running at http://localhost:8080
2021-05-23T22:41:07.613Z [info] new result received
2021-05-23T22:42:18.553Z [info] Server is running at http://localhost:8080
2021-05-23T22:42:18.586Z [info] new result received
2021-05-23T22:42:19.412Z [error] relation "results" does not exist
2021-05-23T22:45:16.149Z [info] Server is running at http://localhost:8080
2021-05-23T22:45:16.183Z [info] new result received
2021-05-23T22:45:31.518Z [info] Server is running at http://localhost:8080
2021-05-23T22:45:31.552Z [info] new result received
2021-05-23T22:48:30.944Z [info] Server is running at http://localhost:8080
2021-05-23T22:48:30.979Z [info] new result received
2021-05-23T22:48:31.933Z [error] there is no parameter $1
2021-05-23T22:49:29.396Z [info] Server is running at http://localhost:8080
2021-05-23T22:49:29.430Z [info] new result received
2021-05-23T22:52:05.110Z [info] Server is running at http://localhost:8080
2021-05-23T22:52:05.144Z [info] new result received
2021-05-23T22:52:24.076Z [info] Server is running at http://localhost:8080
2021-05-23T22:52:24.110Z [info] new result received
2021-05-23T22:54:12.267Z [info] Server is running at http://localhost:8080
2021-05-23T22:54:12.299Z [info] new result received
2021-05-23T22:56:41.289Z [info] Server is running at http://localhost:8080
2021-05-23T22:56:41.323Z [info] new result received
2021-05-23T22:56:42.434Z [error] column "text" of relation "results" does not exist
2021-05-23T22:57:09.638Z [info] Server is running at http://localhost:8080
2021-05-23T22:57:09.673Z [info] new result received
2021-05-23T22:57:11.571Z [error] Unexpected token u in JSON at position 0
2021-05-23T22:57:31.676Z [info] Server is running at http://localhost:8080
2021-05-23T22:57:31.711Z [info] new result received
2021-05-23T22:57:33.599Z [error] Unexpected token o in JSON at position 1
2021-05-23T22:58:32.439Z [info] Server is running at http://localhost:8080
2021-05-23T22:58:32.473Z [info] new result received
2021-05-23T22:58:34.400Z [error] Unexpected token o in JSON at position 1
2021-05-23T22:59:12.627Z [info] Server is running at http://localhost:8080
2021-05-23T22:59:12.661Z [info] new result received
2021-05-23T23:01:52.775Z [info] Server is running at http://localhost:8080
2021-05-23T23:01:52.809Z [info] new result received
2021-05-23T23:17:27.836Z [info] Server is running at http://localhost:8080
2021-05-23T23:17:27.870Z [info] new result received
2021-05-23T23:17:27.870Z [error] Data does not contain tiles data
2021-05-23T23:18:59.242Z [info] Server is running at http://localhost:8080
2021-05-23T23:18:59.276Z [info] new result received
2021-05-23T23:20:48.730Z [info] Server is running at http://localhost:8080
2021-05-23T23:20:48.764Z [info] new result received
2021-05-23T23:21:11.198Z [info] Server is running at http://localhost:8080
2021-05-23T23:21:11.233Z [info] new result received
2021-05-23T23:21:27.131Z [info] Server is running at http://localhost:8080
2021-05-23T23:21:27.169Z [info] new result received
